2024-06-01T08:24:24  chore: routine maintenance
2024-07-07T15:41:31  docs: clarify usage notes
2024-07-19T10:58:38  test: add edge case
2024-09-01T17:15:45  refactor: tidy internals
2024-09-13T12:32:52  fix: handle empty input gracefully
2024-10-03T19:49:59  perf: micro-optimization
2024-11-08T14:06:06  style: formatting
2024-11-21T09:23:13  chore: bump dev tooling
2025-01-03T16:40:20  docs: expand examples
2025-01-16T11:57:27  test: strengthen coverage
2025-02-04T18:14:34  chore: tune defaults
2025-03-13T13:31:41  refactor: simplify helper
2025-03-25T08:48:48  chore: routine maintenance
2025-05-08T15:05:55  docs: clarify usage notes
2025-05-20T10:22:02  test: add edge case
2025-06-09T17:39:09  refactor: tidy internals
2025-07-15T12:56:16  fix: handle empty input gracefully
2025-08-03T19:13:23  perf: micro-optimization
2025-08-16T14:30:30  style: formatting
2025-09-21T09:47:37  chore: bump dev tooling
2025-10-11T16:04:44  docs: expand examples
2025-11-16T11:21:51  test: strengthen coverage
2025-12-06T18:38:58  chore: tune defaults
2025-12-18T13:55:05  refactor: simplify helper
2026-01-24T08:12:12  chore: routine maintenance
2026-02-12T15:29:19  docs: clarify usage notes
2026-03-21T10:46:26  test: add edge case
2026-04-09T17:03:33  refactor: tidy internals
2026-04-22T12:20:40  fix: handle empty input gracefully
2026-05-28T19:37:47  perf: micro-optimization
2024-08-21T08:24:24  docs: here be dragons
2024-09-26T15:41:31  feat: with great power comes great test coverage
2025-01-28T10:58:38  chore: one does not simply skip CI
2025-05-15T17:15:45  docs: standing on the shoulders of giants (garak, sigma, trufflehog)
2025-06-21T12:32:52  chore: tip of the hat to Thinkst, Bellingcat, and SigmaHQ
2025-10-06T19:49:59  fix: works on my machine (TM)
2026-02-07T14:06:06  chore: in case of fire — commit, push, leave building
2026-03-16T09:23:13  docs: ELI5 pass
2024-06-15T08:04:44  docs(cli): add a JSON schema for output
2024-07-06T15:21:51  ci(scan): stream large files without buffering
2024-07-10T10:38:58  fix(fixtures): guard against ReDoS in patterns
2024-08-01T17:55:05  docs(engine): memoize repeated lookups
2024-08-23T12:12:12  perf(tests): add a --format json alias
2024-09-14T19:29:19  style(scan): respect .gitignore when walking
2024-10-06T14:46:26  build(fixtures): add usage examples to help
2024-10-10T09:03:33  fix(engine): simplify the walker
2024-11-01T16:20:40  docs(tests): improve error messages with context
2024-11-23T11:37:47  test(scan): add a regression fixture
2024-12-15T18:54:54  ci(fixtures): handle CRLF line endings
2025-01-06T13:11:01  feat(engine): stream large files without buffering
2025-01-10T08:28:08  style: formatting (we chose violence on tabs vs spaces)
2025-02-01T15:45:15  fix: the cake is a lie, but the bug was real
2025-02-23T10:02:22  test: add edge case
2025-03-17T17:19:29  chore: BLACKBOOK redaction pass
2025-04-08T12:36:36  refactor: future me will understand this
2025-04-12T19:53:43  chore: feed the FOUNDRY
2025-05-04T14:10:50  chore: tip of the hat to Thinkst, Bellingcat, and SigmaHQ
2025-05-26T09:27:57  test: strengthen coverage
2025-06-17T16:44:04  docs: here be dragons
2025-07-09T11:01:11  perf: micro-optimization
2025-07-12T18:18:18  perf: speed. I am speed.
2025-08-04T13:35:25  docs: clarify usage notes
2025-08-26T08:52:32  refactor(engine): bump the dev toolchain
2025-09-17T15:09:39  test(tests): support stdin as a source
2025-10-09T10:26:46  build(scan): cover the multiline case
